\BOOKMARK [0][-]{chapter*.3}{R\351sum\351 technique}{}% 1
\BOOKMARK [0][-]{chapter.1}{Pr\351sentation g\351n\351rale}{}% 2
\BOOKMARK [1][-]{section.1.1}{Le groupe Thales}{chapter.1}% 3
\BOOKMARK [1][-]{section.1.2}{Le projet : Lusail LRT}{chapter.1}% 4
\BOOKMARK [1][-]{section.1.3}{Pr\351sentation de l'\351quipe T \046 C}{chapter.1}% 5
\BOOKMARK [0][-]{chapter.2}{Mission}{}% 6
\BOOKMARK [1][-]{section.2.1}{Sujet du stage}{chapter.2}% 7
\BOOKMARK [1][-]{section.2.2}{Planning}{chapter.2}% 8
\BOOKMARK [1][-]{section.2.3}{Contributions}{chapter.2}% 9
\BOOKMARK [1][-]{section.2.4}{Technologies}{chapter.2}% 10
\BOOKMARK [1][-]{section.2.5}{Prise de recul}{chapter.2}% 11
\BOOKMARK [0][-]{chapter.3}{R\351alisations}{}% 12
\BOOKMARK [1][-]{section.3.1}{Conception d'un processus de production et de gestion des rapports de test}{chapter.3}% 13
\BOOKMARK [1][-]{section.3.2}{Mise au point d'un outil d'extraction de donn\351es }{chapter.3}% 14
\BOOKMARK [1][-]{section.3.3}{Communication sur l'avancement du projet}{chapter.3}% 15
\BOOKMARK [1][-]{section.3.4}{Formation et transmission}{chapter.3}% 16
\BOOKMARK [0][-]{chapter*.4}{Conclusion}{}% 17
\BOOKMARK [0][-]{section*.5}{Glossaire}{}% 18
\BOOKMARK [0][-]{chapter*.7}{Bibliographie}{}% 19
\BOOKMARK [0][-]{chapter*.8}{Annexes}{}% 20
